
> @workspace/db@0.0.0 push C:\Users\kesha\OneDrive\Desktop\Lead-Hunter-Agent-master\lib\db
> drizzle-kit push --config ./drizzle.config.ts

Reading config file 'C:\Users\kesha\OneDrive\Desktop\Lead-Hunter-Agent-master\lib\db\drizzle.config.ts'
Using 'pg' driver for database querying
[Γú╖] Pulling schema from database...
AggregateError [ECONNREFUSED]: 
    at C:\Users\kesha\OneDrive\Desktop\Lead-Hunter-Agent-master\node_modules\.pnpm\pg-pool@3.13.0_pg@8.20.0\node_modules\pg-pool\index.js:45:11
    at process.processTicksAndRejections (node:internal/process/task_queues:105:5)
    at async Object.query (C:\Users\kesha\OneDrive\Desktop\Lead-Hunter-Agent-master\node_modules\.pnpm\drizzle-kit@0.31.9\node_modules\drizzle-kit\bin.cjs:80623:26)
    at async fromDatabase2 (C:\Users\kesha\OneDrive\Desktop\Lead-Hunter-Agent-master\node_modules\.pnpm\drizzle-kit@0.31.9\node_modules\drizzle-kit\bin.cjs:19276:25) {
  code: 'ECONNREFUSED',
  [errors]: [
    Error: connect ECONNREFUSED ::1:5432
        at createConnectionError (node:net:1677:14)
        at afterConnectMultiple (node:net:1707:16) {
      errno: -4078,
      code: 'ECONNREFUSED',
      syscall: 'connect',
      address: '::1',
      port: 5432
    },
    Error: connect ECONNREFUSED 127.0.0.1:5432
        at createConnectionError (node:net:1677:14)
        at afterConnectMultiple (node:net:1707:16) {
      errno: -4078,
      code: 'ECONNREFUSED',
      syscall: 'connect',
      address: '127.0.0.1',
      port: 5432
    }
  ]
}
